Oct 13, 2023 5:39:52 PM login loginBtnActionPerformed
INFO: AdminID: 5 has logged in
Oct 13, 2023 5:40:16 PM editproduct producteditBtnActionPerformed
INFO: Product ID: 21 is added by AdminID: 5
Oct 13, 2023 5:42:14 PM editproduct producteditBtnActionPerformed
INFO: Product ID: 24 is added by AdminID: 5
Oct 13, 2023 5:45:32 PM login loginBtnActionPerformed
INFO: AdminID: 5 has logged in
Oct 13, 2023 5:45:44 PM flowtransaction transactionsubmitBtnActionPerformed
INFO: Transaction processed by AdminID: 5
Oct 13, 2023 5:46:00 PM flowtransaction transactionsubmitBtnActionPerformed
INFO: Transaction processed by AdminID: 5
Oct 13, 2023 5:46:11 PM flowtransaction transactionsubmitBtnActionPerformed
INFO: Transaction processed by AdminID: 5
Oct 13, 2023 5:46:15 PM flowtransaction transactionsubmitBtnActionPerformed
INFO: Transaction processed by AdminID: 5
Oct 13, 2023 5:52:59 PM login loginBtnActionPerformed
INFO: AdminID: 5 has logged in
Feb 03, 2024 2:37:43 PM register registerBtnActionPerformed
INFO: New Account Registered with Username: ayush
Feb 03, 2024 2:38:34 PM login loginBtnActionPerformed
INFO: AdminID: 14 has logged in
Feb 05, 2024 2:42:36 PM login loginBtnActionPerformed
INFO: Invalid Attempt to Login
Feb 05, 2024 2:42:52 PM login loginBtnActionPerformed
INFO: Invalid Attempt to Login
Feb 05, 2024 2:42:54 PM login loginBtnActionPerformed
INFO: Invalid Attempt to Login
Feb 05, 2024 2:42:55 PM login loginBtnActionPerformed
INFO: Invalid Attempt to Login
Feb 05, 2024 2:42:56 PM login loginBtnActionPerformed
INFO: Invalid Attempt to Login
Feb 05, 2024 2:42:56 PM login loginBtnActionPerformed
SEVERE: 5 Invalid Attempts to Login, Locked for 30 minutes
Feb 05, 2024 2:43:00 PM login loginBtnActionPerformed
INFO: Alert send to Admin E-mail
Oct 22, 2023 1:59:16 PM register registerBtnActionPerformed
INFO: New Account Registered with Username: John Doe
Oct 22, 2023 1:59:56 PM login loginBtnActionPerformed
INFO: Invalid Attempt to Login
Oct 22, 2023 2:01:51 PM register registerBtnActionPerformed
INFO: New Account Registered with Username: JohnDoe
Oct 22, 2023 3:35:55 AM register registerBtnActionPerformed
INFO: New Account Registered with Username: JohnDoe
Oct 22, 2023 3:38:37 AM register registerBtnActionPerformed
INFO: New Account Registered with Username: JohnDoe
Oct 22, 2023 3:42:57 AM register registerBtnActionPerformed
INFO: New Account Registered with Username: JohnDoe
Oct 22, 2023 3:47:49 AM login loginBtnActionPerformed
INFO: AdminID: 19 has logged in
Oct 22, 2023 3:55:06 AM product logoutBtnActionPerformed
INFO: Admin ID: 19 has logged out.
Oct 22, 2023 3:55:59 AM login loginBtnActionPerformed
INFO: AdminID: 19 has logged in
Oct 22, 2023 3:58:00 AM editproduct producteditBtnActionPerformed
INFO: Product ID: 18 is added by AdminID: 19
Oct 22, 2023 3:58:06 AM flowtransaction transactionsubmitBtnActionPerformed
INFO: Transaction processed by AdminID: 19
Oct 22, 2023 3:58:11 AM deleteproduct productdeleteBtnActionPerformed
INFO: Product ID: 18 is deleted by 19
Oct 22, 2023 3:58:22 AM deletetransaction transactiondeleteBtnActionPerformed
INFO: Transaction No: 12 deleted by AdminID: 19
Oct 22, 2023 4:22:44 AM editproduct logoutBtnActionPerformed
INFO: Admin ID: 19 has logged out.
Oct 22, 2023 4:24:54 AM register registerBtnActionPerformed
INFO: New Account Registered with Username: JohnDoe
Oct 22, 2023 4:27:37 AM register registerBtnActionPerformed
INFO: New Account Registered with Username: JohnDoe
Oct 22, 2023 4:29:11 AM register registerBtnActionPerformed
INFO: New Account Registered with Username: JohnDoe
Oct 22, 2023 4:34:42 AM register registerBtnActionPerformed
INFO: New Account Registered with Username: JohnDoe
Oct 22, 2023 4:38:04 AM register registerBtnActionPerformed
INFO: New Account Registered with Username: JohnDoe
Oct 22, 2023 4:39:51 AM login loginBtnActionPerformed
INFO: AdminID: 24 has logged in
Oct 22, 2023 4:40:23 AM home logoutBtnActionPerformed
INFO: Admin ID: 24 has logged out.
Oct 22, 2023 4:41:05 AM login loginBtnActionPerformed
INFO: AdminID: 24 has logged in
Oct 22, 2023 4:42:41 AM register registerBtnActionPerformed
INFO: New Account Registered with Username: JohnDoe
Oct 22, 2023 4:44:47 AM register registerBtnActionPerformed
INFO: New Account Registered with Username: JohnDoe
Oct 22, 2023 4:46:58 AM register registerBtnActionPerformed
INFO: New Account Registered with Username: JohnDoe
Oct 22, 2023 4:48:37 AM login loginBtnActionPerformed
INFO: AdminID: 27 has logged in
Oct 22, 2023 4:49:12 AM editproduct producteditBtnActionPerformed
INFO: Product ID: 10 is added by AdminID: 27
Oct 22, 2023 4:49:26 AM editproduct producteditBtnActionPerformed
INFO: Product ID: 11 is added by AdminID: 27
Oct 22, 2023 4:56:24 AM editproduct producteditBtnActionPerformed
INFO: Product ID: 14 is added by AdminID: 27
Oct 22, 2023 4:56:49 AM editproduct producteditBtnActionPerformed
INFO: Product ID: 10 is edited by AdminID: 27
Oct 22, 2023 4:57:02 AM deleteproduct productdeleteBtnActionPerformed
INFO: Product ID: 14 is deleted by 27
Oct 22, 2023 4:58:52 AM login loginBtnActionPerformed
INFO: AdminID: 27 has logged in
Oct 22, 2023 5:00:28 AM editproduct producteditBtnActionPerformed
INFO: Product ID: 14 is added by AdminID: 27
Oct 22, 2023 5:06:37 AM register registerBtnActionPerformed
INFO: New Account Registered with Username: JohnDoe
Oct 22, 2023 5:08:05 AM register registerBtnActionPerformed
INFO: New Account Registered with Username: JohnDoe
Oct 22, 2023 5:09:44 AM login loginBtnActionPerformed
INFO: AdminID: 29 has logged in
Oct 22, 2023 5:10:13 AM editproduct producteditBtnActionPerformed
INFO: Product ID: 10 is added by AdminID: 29
Oct 22, 2023 5:10:26 AM editproduct producteditBtnActionPerformed
INFO: Product ID: 11 is added by AdminID: 29
Oct 22, 2023 5:11:58 AM editproduct producteditBtnActionPerformed
INFO: Product ID: 14 is added by AdminID: 29
Oct 22, 2023 5:12:22 AM editproduct producteditBtnActionPerformed
INFO: Product ID: 10 is edited by AdminID: 29
Oct 22, 2023 5:13:54 AM login loginBtnActionPerformed
INFO: AdminID: 29 has logged in
Oct 22, 2023 5:16:51 AM flowtransaction transactionsubmitBtnActionPerformed
INFO: Transaction processed by AdminID: 29
Oct 22, 2023 5:16:58 AM flowtransaction transactionsubmitBtnActionPerformed
INFO: Transaction processed by AdminID: 29
Oct 22, 2023 5:18:35 AM login loginBtnActionPerformed
INFO: AdminID: 29 has logged in
Oct 22, 2023 5:24:03 AM editproduct producteditBtnActionPerformed
INFO: Product ID: 14 is added by AdminID: 29
Oct 22, 2023 5:24:27 AM editproduct producteditBtnActionPerformed
INFO: Product ID: 10 is edited by AdminID: 29
Oct 22, 2023 5:24:42 AM deleteproduct productdeleteBtnActionPerformed
INFO: Product ID: 14 is deleted by 29
Oct 22, 2023 5:25:51 AM login loginBtnActionPerformed
INFO: AdminID: 29 has logged in
Oct 22, 2023 5:26:24 AM editproduct producteditBtnActionPerformed
INFO: Product ID: 14 is added by AdminID: 29
Oct 22, 2023 5:27:29 AM editproduct producteditBtnActionPerformed
INFO: Product ID: 14 is added by AdminID: 29
Oct 22, 2023 5:27:59 AM login loginBtnActionPerformed
INFO: AdminID: 29 has logged in
Oct 22, 2023 5:28:34 AM editproduct producteditBtnActionPerformed
INFO: Product ID: 14 is added by AdminID: 29
Oct 22, 2023 5:29:00 AM editproduct producteditBtnActionPerformed
INFO: Product ID: 10 is edited by AdminID: 29
Oct 22, 2023 5:29:13 AM deleteproduct productdeleteBtnActionPerformed
INFO: Product ID: 14 is deleted by 29
Oct 22, 2023 5:30:53 AM login loginBtnActionPerformed
INFO: AdminID: 29 has logged in
Oct 22, 2023 5:31:26 AM flowtransaction transactionsubmitBtnActionPerformed
INFO: Transaction processed by AdminID: 29
Oct 22, 2023 5:31:31 AM flowtransaction transactionsubmitBtnActionPerformed
INFO: Transaction processed by AdminID: 29
Oct 22, 2023 5:33:47 AM login loginBtnActionPerformed
INFO: AdminID: 29 has logged in
Oct 22, 2023 5:35:42 AM flowtransaction transactionsubmitBtnActionPerformed
INFO: Transaction processed by AdminID: 29
Oct 22, 2023 5:35:46 AM flowtransaction transactionsubmitBtnActionPerformed
INFO: Transaction processed by AdminID: 29
Oct 22, 2023 4:57:11 AM register registerBtnActionPerformed
INFO: New Account Registered with Username: JohnDoe
Oct 22, 2023 4:57:33 AM login loginBtnActionPerformed
INFO: AdminID: 30 has logged in
Oct 22, 2023 5:00:10 AM editproduct producteditBtnActionPerformed
INFO: Product ID: 10 is added by AdminID: 30
Oct 22, 2023 5:00:28 AM editproduct producteditBtnActionPerformed
INFO: Product ID: 11 is added by AdminID: 30
Oct 22, 2023 5:03:18 AM login loginBtnActionPerformed
INFO: AdminID: 30 has logged in
Oct 22, 2023 5:04:06 AM editproduct producteditBtnActionPerformed
INFO: Product ID: 10 is added by AdminID: 30
Oct 22, 2023 5:04:20 AM editproduct producteditBtnActionPerformed
INFO: Product ID: 11 is added by AdminID: 30
Oct 22, 2023 5:04:47 AM editproduct producteditBtnActionPerformed
INFO: Product ID: 14 is added by AdminID: 30
Oct 22, 2023 5:05:19 AM editproduct producteditBtnActionPerformed
INFO: Product ID: 14 is edited by AdminID: 30
Oct 22, 2023 5:05:30 AM deleteproduct productdeleteBtnActionPerformed
INFO: Product ID: 14 is deleted by 30
Oct 22, 2023 5:05:58 AM flowtransaction transactionsubmitBtnActionPerformed
INFO: Transaction processed by AdminID: 30
Oct 22, 2023 5:06:06 AM flowtransaction transactionsubmitBtnActionPerformed
INFO: Transaction processed by AdminID: 30
Oct 22, 2023 5:07:45 AM changepassword changepasswordsubmitBtnActionPerformed
INFO: Password Updated for AdminID: 30
Oct 22, 2023 5:08:10 AM changepassword logoutBtnActionPerformed
INFO: Admin ID: 30 has logged out.
Oct 22, 2023 5:09:34 AM forgotpassword forgotPasswordBtnActionPerformed
SEVERE: Exception ::com.sun.mail.util.MailConnectException: Couldn't connect to host, port: smtp-mail.outlook.com, 587; timeout -1;
  nested exception is:
	java.net.ConnectException: Operation timed out
Oct 22, 2023 5:19:11 AM register registerBtnActionPerformed
INFO: New Account Registered with Username: JohnDoe
Oct 22, 2023 5:19:34 AM login loginBtnActionPerformed
INFO: AdminID: 31 has logged in
Oct 22, 2023 5:20:02 AM editproduct producteditBtnActionPerformed
INFO: Product ID: 10 is added by AdminID: 31
Oct 22, 2023 5:20:19 AM editproduct producteditBtnActionPerformed
INFO: Product ID: 11 is added by AdminID: 31
Oct 22, 2023 5:20:44 AM editproduct producteditBtnActionPerformed
INFO: Product ID: 14 is added by AdminID: 31
Oct 22, 2023 5:21:17 AM editproduct producteditBtnActionPerformed
INFO: Product ID: 14 is edited by AdminID: 31
Oct 22, 2023 5:21:39 AM deleteproduct productdeleteBtnActionPerformed
INFO: Product ID: 14 is deleted by 31
Oct 22, 2023 5:22:07 AM flowtransaction transactionsubmitBtnActionPerformed
INFO: Transaction processed by AdminID: 31
Oct 22, 2023 5:22:13 AM flowtransaction transactionsubmitBtnActionPerformed
INFO: Transaction processed by AdminID: 31
Oct 22, 2023 5:31:49 AM register registerBtnActionPerformed
INFO: New Account Registered with Username: JohnDoe
Oct 22, 2023 5:32:12 AM login loginBtnActionPerformed
INFO: AdminID: 32 has logged in
Oct 22, 2023 5:32:44 AM editproduct producteditBtnActionPerformed
INFO: Product ID: 10 is added by AdminID: 32
Oct 22, 2023 5:32:56 AM editproduct producteditBtnActionPerformed
INFO: Product ID: 11 is added by AdminID: 32
Oct 22, 2023 5:33:23 AM editproduct producteditBtnActionPerformed
INFO: Product ID: 14 is added by AdminID: 32
Oct 22, 2023 5:33:53 AM editproduct producteditBtnActionPerformed
INFO: Product ID: 14 is edited by AdminID: 32
Oct 22, 2023 5:34:15 AM deleteproduct productdeleteBtnActionPerformed
INFO: Product ID: 14 is deleted by 32
Oct 22, 2023 5:34:41 AM flowtransaction transactionsubmitBtnActionPerformed
INFO: Transaction processed by AdminID: 32
Oct 22, 2023 5:34:45 AM flowtransaction transactionsubmitBtnActionPerformed
INFO: Transaction processed by AdminID: 32
Oct 22, 2023 5:36:28 AM changepassword changepasswordsubmitBtnActionPerformed
INFO: Password Updated for AdminID: 32
Feb 22, 2024 5:43:29 AM changepassword logoutBtnActionPerformed
INFO: Admin ID: 32 has logged out.
Feb 22, 2024 5:43:48 AM forgotpassword forgotPasswordBtnActionPerformed
INFO: Password email sent to johndoecs12345@gmail.com for Username: JohnDoe
Feb 22, 2024 5:44:31 AM login loginBtnActionPerformed
INFO: Invalid Attempt to Login
Feb 22, 2024 5:44:36 AM login loginBtnActionPerformed
INFO: AdminID: 32 has logged in
Feb 22, 2024 5:44:57 AM changepassword logoutBtnActionPerformed
INFO: Admin ID: 32 has logged out.
Feb 22, 2024 5:45:11 AM forgotpassword forgotPasswordBtnActionPerformed
INFO: Password email sent to johndoecs12345@gmail.com for Username: JohnDoe
Feb 22, 2024 5:46:07 AM login loginBtnActionPerformed
INFO: AdminID: 32 has logged in
Feb 22, 2024 5:46:30 AM changepassword logoutBtnActionPerformed
INFO: Admin ID: 32 has logged out.
Feb 22, 2024 5:46:49 AM forgotpassword forgotPasswordBtnActionPerformed
INFO: Password email sent to johndoecs12345@gmail.com for Username: JohnDoe
Feb 22, 2024 5:47:21 AM login loginBtnActionPerformed
INFO: Invalid Attempt to Login
Feb 22, 2024 5:47:23 AM login loginBtnActionPerformed
INFO: Invalid Attempt to Login
Feb 22, 2024 5:47:24 AM login loginBtnActionPerformed
INFO: Invalid Attempt to Login
Feb 22, 2024 5:47:26 AM login loginBtnActionPerformed
INFO: Invalid Attempt to Login
Feb 22, 2024 5:47:27 AM login loginBtnActionPerformed
INFO: Invalid Attempt to Login
Feb 22, 2024 5:47:27 AM login loginBtnActionPerformed
SEVERE: 5 Invalid Attempts to Login, Locked for 30 minutes
Oct 22, 2023 9:36:14 AM register registerBtnActionPerformed
INFO: New Account Registered with Username: JohnDoe
Oct 22, 2023 9:36:40 AM login loginBtnActionPerformed
INFO: AdminID: 34 has logged in
Oct 22, 2023 9:37:09 AM editproduct producteditBtnActionPerformed
INFO: Product ID: 10 is added by AdminID: 34
Oct 22, 2023 9:37:30 AM editproduct producteditBtnActionPerformed
INFO: Product ID: 11 is added by AdminID: 34
Oct 22, 2023 9:37:52 AM editproduct producteditBtnActionPerformed
INFO: Product ID: 12 is added by AdminID: 34
Oct 22, 2023 9:38:17 AM editproduct producteditBtnActionPerformed
INFO: Product ID: 14 is added by AdminID: 34
Oct 22, 2023 9:40:49 AM register registerBtnActionPerformed
INFO: New Account Registered with Username: JohnDoe
Oct 22, 2023 9:41:16 AM login loginBtnActionPerformed
INFO: AdminID: 35 has logged in
Oct 22, 2023 9:41:43 AM editproduct producteditBtnActionPerformed
INFO: Product ID: 10 is added by AdminID: 35
Oct 22, 2023 6:39:54 AM register registerBtnActionPerformed
INFO: New Account Registered with Username: JohnDoe
Oct 22, 2023 6:41:56 AM register registerBtnActionPerformed
INFO: New Account Registered with Username: JohnDoe
Oct 22, 2023 6:42:19 AM login loginBtnActionPerformed
INFO: AdminID: 37 has logged in
Oct 22, 2023 6:42:46 AM home logoutBtnActionPerformed
INFO: Admin ID: 37 has logged out.
Oct 22, 2023 6:43:34 AM register registerBtnActionPerformed
INFO: New Account Registered with Username: JohnDoe
Oct 22, 2023 6:44:02 AM login loginBtnActionPerformed
INFO: AdminID: 38 has logged in
Oct 22, 2023 6:45:25 AM editproduct producteditBtnActionPerformed
INFO: Product ID: 10 is added by AdminID: 38
Oct 22, 2023 6:45:26 AM product logoutBtnActionPerformed
INFO: Admin ID: 38 has logged out.
Oct 22, 2023 6:46:45 AM register registerBtnActionPerformed
INFO: New Account Registered with Username: JohnDoe
Oct 22, 2023 6:47:12 AM login loginBtnActionPerformed
INFO: AdminID: 39 has logged in
Oct 22, 2023 6:48:46 AM editproduct producteditBtnActionPerformed
INFO: Product ID: 10 is added by AdminID: 39
Oct 22, 2023 6:49:06 AM editproduct producteditBtnActionPerformed
INFO: Product ID: 11 is added by AdminID: 39
Oct 22, 2023 6:49:36 AM editproduct producteditBtnActionPerformed
INFO: Product ID: 14 is added by AdminID: 39
Oct 22, 2023 6:50:06 AM editproduct producteditBtnActionPerformed
INFO: Product ID: 14 is edited by AdminID: 39
Oct 22, 2023 6:51:43 AM register registerBtnActionPerformed
INFO: New Account Registered with Username: JohnDoe
Oct 22, 2023 6:52:25 AM register registerBtnActionPerformed
INFO: New Account Registered with Username: JohnDoe
Oct 22, 2023 6:52:51 AM login loginBtnActionPerformed
INFO: AdminID: 41 has logged in
Oct 22, 2023 6:53:02 AM home logoutBtnActionPerformed
INFO: Admin ID: 41 has logged out.
Oct 22, 2023 6:53:47 AM register registerBtnActionPerformed
INFO: New Account Registered with Username: JohnDoe
Oct 22, 2023 6:54:12 AM login loginBtnActionPerformed
INFO: AdminID: 42 has logged in
Oct 22, 2023 6:54:48 AM editproduct producteditBtnActionPerformed
INFO: Product ID: 10 is added by AdminID: 42
Oct 22, 2023 6:55:01 AM editproduct producteditBtnActionPerformed
INFO: Product ID: 11 is added by AdminID: 42
Oct 22, 2023 6:55:26 AM editproduct producteditBtnActionPerformed
INFO: Product ID: 14 is added by AdminID: 42
Oct 22, 2023 6:55:56 AM editproduct producteditBtnActionPerformed
INFO: Product ID: 14 is edited by AdminID: 42
Oct 22, 2023 6:56:29 AM product logoutBtnActionPerformed
INFO: Admin ID: 42 has logged out.
Oct 22, 2023 6:59:35 AM register registerBtnActionPerformed
INFO: New Account Registered with Username: JohnDoe
Oct 22, 2023 7:00:00 AM login loginBtnActionPerformed
INFO: AdminID: 43 has logged in
Oct 22, 2023 7:00:29 AM editproduct producteditBtnActionPerformed
INFO: Product ID: 10 is added by AdminID: 43
Oct 22, 2023 7:00:46 AM editproduct producteditBtnActionPerformed
INFO: Product ID: 11 is added by AdminID: 43
Oct 22, 2023 7:01:16 AM editproduct producteditBtnActionPerformed
INFO: Product ID: 14 is added by AdminID: 43
Oct 22, 2023 7:38:21 AM register registerBtnActionPerformed
INFO: New Account Registered with Username: JohnDoe
Oct 22, 2023 7:39:24 AM register registerBtnActionPerformed
INFO: New Account Registered with Username: JohnDoe
Oct 22, 2023 7:39:41 AM login loginBtnActionPerformed
INFO: AdminID: 45 has logged in
Oct 22, 2023 7:40:18 AM editproduct producteditBtnActionPerformed
INFO: Product ID: 10 is added by AdminID: 45
Oct 22, 2023 7:40:22 AM product logoutBtnActionPerformed
INFO: Admin ID: 45 has logged out.
Oct 22, 2023 7:41:22 AM register registerBtnActionPerformed
INFO: New Account Registered with Username: JohnDoe
Oct 22, 2023 7:43:02 AM register registerBtnActionPerformed
INFO: New Account Registered with Username: JohnDoe
Oct 22, 2023 7:43:27 AM login loginBtnActionPerformed
INFO: AdminID: 47 has logged in
Oct 22, 2023 7:44:03 AM editproduct producteditBtnActionPerformed
INFO: Product ID: 10 is added by AdminID: 47
Oct 22, 2023 7:44:17 AM editproduct producteditBtnActionPerformed
INFO: Product ID: 11 is added by AdminID: 47
Oct 22, 2023 7:44:29 AM product logoutBtnActionPerformed
INFO: Admin ID: 47 has logged out.
Oct 22, 2023 7:46:07 AM register registerBtnActionPerformed
INFO: New Account Registered with Username: JohnDoe
Oct 22, 2023 7:47:15 AM register registerBtnActionPerformed
INFO: New Account Registered with Username: JohnDoe
Oct 22, 2023 7:47:39 AM login loginBtnActionPerformed
INFO: AdminID: 49 has logged in
Oct 22, 2023 7:48:09 AM editproduct producteditBtnActionPerformed
INFO: Product ID: 10 is added by AdminID: 49
Oct 22, 2023 7:48:28 AM editproduct producteditBtnActionPerformed
INFO: Product ID: 11 is added by AdminID: 49
Oct 22, 2023 7:50:49 AM register registerBtnActionPerformed
INFO: New Account Registered with Username: JohnDoe
Oct 22, 2023 7:51:07 AM login loginBtnActionPerformed
INFO: AdminID: 50 has logged in
Oct 22, 2023 7:51:41 AM editproduct producteditBtnActionPerformed
INFO: Product ID: 10 is added by AdminID: 50
Oct 22, 2023 10:04:25 AM register registerBtnActionPerformed
INFO: New Account Registered with Username: JohnDoe
Oct 22, 2023 10:04:50 AM login loginBtnActionPerformed
INFO: AdminID: 51 has logged in
Oct 22, 2023 10:05:24 AM editproduct producteditBtnActionPerformed
INFO: Product ID: 10 is added by AdminID: 51
Oct 22, 2023 10:05:37 AM editproduct producteditBtnActionPerformed
INFO: Product ID: 11 is added by AdminID: 51
Oct 22, 2023 10:06:10 AM editproduct producteditBtnActionPerformed
INFO: Product ID: 14 is added by AdminID: 51
Oct 22, 2023 10:06:39 AM editproduct producteditBtnActionPerformed
INFO: Product ID: 14 is edited by AdminID: 51
Oct 22, 2023 10:06:56 AM deleteproduct productdeleteBtnActionPerformed
INFO: Product ID: 14 is deleted by 51
Oct 22, 2023 10:07:06 AM product logoutBtnActionPerformed
INFO: Admin ID: 51 has logged out.
Oct 22, 2023 10:09:10 AM register registerBtnActionPerformed
INFO: New Account Registered with Username: JohnDoe
Oct 22, 2023 10:10:05 AM register registerBtnActionPerformed
INFO: New Account Registered with Username: JohnDoe
Oct 22, 2023 10:10:56 AM register registerBtnActionPerformed
INFO: New Account Registered with Username: JohnDoe
Oct 22, 2023 10:11:13 AM login loginBtnActionPerformed
INFO: AdminID: 54 has logged in
Oct 22, 2023 10:12:01 AM product logoutBtnActionPerformed
INFO: Admin ID: 54 has logged out.
Oct 22, 2023 10:12:54 AM register registerBtnActionPerformed
INFO: New Account Registered with Username: JohnDoe
Oct 22, 2023 10:13:18 AM login loginBtnActionPerformed
INFO: AdminID: 55 has logged in
Oct 22, 2023 10:15:20 AM editproduct producteditBtnActionPerformed
INFO: Product ID: 10 is added by AdminID: 55
Oct 22, 2023 10:15:37 AM editproduct producteditBtnActionPerformed
INFO: Product ID: 11 is added by AdminID: 55
Oct 22, 2023 10:15:59 AM editproduct producteditBtnActionPerformed
INFO: Product ID: 14 is added by AdminID: 55
Oct 22, 2023 10:16:29 AM editproduct producteditBtnActionPerformed
INFO: Product ID: 14 is edited by AdminID: 55
Oct 22, 2023 10:36:37 AM register registerBtnActionPerformed
INFO: New Account Registered with Username: JohnDoe
Oct 22, 2023 10:37:02 AM login loginBtnActionPerformed
INFO: AdminID: 56 has logged in
Oct 22, 2023 10:37:37 AM editproduct producteditBtnActionPerformed
INFO: Product ID: 10 is added by AdminID: 56
Oct 22, 2023 10:37:46 AM product logoutBtnActionPerformed
INFO: Admin ID: 56 has logged out.
Oct 22, 2023 10:39:47 AM register registerBtnActionPerformed
INFO: New Account Registered with Username: JohnDoe
Oct 22, 2023 10:40:04 AM login loginBtnActionPerformed
INFO: AdminID: 57 has logged in
Oct 22, 2023 10:40:36 AM editproduct producteditBtnActionPerformed
INFO: Product ID: 10 is added by AdminID: 57
Oct 22, 2023 10:40:48 AM editproduct producteditBtnActionPerformed
INFO: Product ID: 11 is added by AdminID: 57
Oct 22, 2023 10:41:19 AM editproduct producteditBtnActionPerformed
INFO: Product ID: 14 is added by AdminID: 57
Oct 22, 2023 10:41:48 AM editproduct producteditBtnActionPerformed
INFO: Product ID: 14 is edited by AdminID: 57
Oct 22, 2023 10:42:06 AM deleteproduct productdeleteBtnActionPerformed
INFO: Product ID: 14 is deleted by 57
Oct 22, 2023 10:42:33 AM flowtransaction logoutBtnActionPerformed
INFO: Admin ID: 57 has logged out.
Oct 22, 2023 10:43:33 AM register registerBtnActionPerformed
INFO: New Account Registered with Username: JohnDoe
Oct 22, 2023 10:45:16 AM register registerBtnActionPerformed
INFO: New Account Registered with Username: JohnDoe
Oct 22, 2023 10:45:33 AM login loginBtnActionPerformed
INFO: AdminID: 59 has logged in
Oct 22, 2023 10:46:13 AM editproduct producteditBtnActionPerformed
INFO: Product ID: 10 is added by AdminID: 59
Oct 22, 2023 10:46:37 AM editproduct producteditBtnActionPerformed
INFO: Product ID: 11 is added by AdminID: 59
Oct 22, 2023 10:47:07 AM editproduct producteditBtnActionPerformed
INFO: Product ID: 14 is added by AdminID: 59
Oct 22, 2023 10:50:56 AM register registerBtnActionPerformed
INFO: New Account Registered with Username: JohnDoe
Oct 22, 2023 10:51:14 AM login loginBtnActionPerformed
INFO: AdminID: 60 has logged in
Oct 22, 2023 10:51:46 AM editproduct producteditBtnActionPerformed
INFO: Product ID: 10 is added by AdminID: 60
Oct 22, 2023 10:52:05 AM editproduct producteditBtnActionPerformed
INFO: Product ID: 11 is added by AdminID: 60
Oct 22, 2023 10:52:14 AM product logoutBtnActionPerformed
INFO: Admin ID: 60 has logged out.
Oct 22, 2023 10:54:47 AM register registerBtnActionPerformed
INFO: New Account Registered with Username: JohnDoe
Oct 22, 2023 10:55:07 AM login loginBtnActionPerformed
INFO: AdminID: 61 has logged in
Oct 22, 2023 10:55:39 AM editproduct producteditBtnActionPerformed
INFO: Product ID: 10 is added by AdminID: 61
Oct 22, 2023 10:55:59 AM editproduct producteditBtnActionPerformed
INFO: Product ID: 11 is added by AdminID: 61
Oct 22, 2023 10:56:18 AM editproduct producteditBtnActionPerformed
INFO: Product ID: 14 is added by AdminID: 61
Oct 22, 2023 10:56:48 AM editproduct producteditBtnActionPerformed
INFO: Product ID: 14 is edited by AdminID: 61
Oct 22, 2023 10:58:53 AM deleteproduct logoutBtnActionPerformed
INFO: Admin ID: 61 has logged out.
Oct 22, 2023 10:59:54 AM register registerBtnActionPerformed
INFO: New Account Registered with Username: JohnDoe
Oct 22, 2023 11:00:18 AM login loginBtnActionPerformed
INFO: AdminID: 62 has logged in
Oct 22, 2023 11:00:43 AM editproduct producteditBtnActionPerformed
INFO: Product ID: 10 is added by AdminID: 62
Oct 22, 2023 11:00:56 AM product logoutBtnActionPerformed
INFO: Admin ID: 62 has logged out.
Oct 22, 2023 11:02:05 AM register registerBtnActionPerformed
INFO: New Account Registered with Username: JohnDoe
Oct 22, 2023 11:02:23 AM login loginBtnActionPerformed
INFO: AdminID: 63 has logged in
Oct 22, 2023 11:02:54 AM editproduct producteditBtnActionPerformed
INFO: Product ID: 10 is added by AdminID: 63
Oct 22, 2023 11:03:16 AM editproduct producteditBtnActionPerformed
INFO: Product ID: 11 is added by AdminID: 63
Oct 22, 2023 11:03:41 AM editproduct producteditBtnActionPerformed
INFO: Product ID: 14 is added by AdminID: 63
Oct 22, 2023 11:04:20 AM editproduct producteditBtnActionPerformed
INFO: Product ID: 14 is edited by AdminID: 63
Oct 22, 2023 11:04:34 AM deleteproduct productdeleteBtnActionPerformed
INFO: Product ID: 14 is deleted by 63
Oct 22, 2023 11:05:14 AM flowtransaction logoutBtnActionPerformed
INFO: Admin ID: 63 has logged out.
Oct 22, 2023 11:06:16 AM register registerBtnActionPerformed
INFO: New Account Registered with Username: JohnDoe
Oct 22, 2023 11:06:34 AM login loginBtnActionPerformed
INFO: AdminID: 64 has logged in
Oct 22, 2023 11:07:07 AM editproduct producteditBtnActionPerformed
INFO: Product ID: 10 is added by AdminID: 64
Oct 22, 2023 11:07:56 AM editproduct producteditBtnActionPerformed
INFO: Product ID: 11 is added by AdminID: 64
Oct 22, 2023 11:08:15 AM editproduct producteditBtnActionPerformed
INFO: Product ID: 14 is added by AdminID: 64
Oct 22, 2023 11:08:48 AM editproduct producteditBtnActionPerformed
INFO: Product ID: 14 is edited by AdminID: 64
Oct 22, 2023 11:09:06 AM deleteproduct productdeleteBtnActionPerformed
INFO: Product ID: 14 is deleted by 64
Oct 22, 2023 11:09:40 AM flowtransaction transactionsubmitBtnActionPerformed
INFO: Transaction processed by AdminID: 64
Oct 22, 2023 11:09:51 AM flowtransaction transactionsubmitBtnActionPerformed
INFO: Transaction processed by AdminID: 64
Oct 22, 2023 11:11:52 AM changepassword changepasswordsubmitBtnActionPerformed
INFO: Password Updated for AdminID: 64
Feb 24, 2024 1:07:20 PM register registerBtnActionPerformed
INFO: New Account Registered with Username: JohnDoe
Feb 24, 2024 1:07:40 PM login loginBtnActionPerformed
INFO: AdminID: 65 has logged in
Feb 24, 2024 1:09:28 PM register registerBtnActionPerformed
INFO: New Account Registered with Username: JohnDoe
Feb 24, 2024 1:09:54 PM login loginBtnActionPerformed
INFO: AdminID: 66 has logged in
Feb 24, 2024 1:10:29 PM editproduct producteditBtnActionPerformed
INFO: Product ID: 10 is added by AdminID: 66
Oct 22, 2023 1:11:09 PM editproduct logoutBtnActionPerformed
INFO: Admin ID: 66 has logged out.
Oct 22, 2023 1:12:42 PM register registerBtnActionPerformed
INFO: New Account Registered with Username: JohnDoe
Oct 22, 2023 1:13:00 PM login loginBtnActionPerformed
INFO: AdminID: 67 has logged in
Oct 22, 2023 1:13:32 PM editproduct producteditBtnActionPerformed
INFO: Product ID: 10 is added by AdminID: 67
Oct 22, 2023 1:13:51 PM editproduct producteditBtnActionPerformed
INFO: Product ID: 11 is added by AdminID: 67
Oct 22, 2023 1:14:26 PM editproduct producteditBtnActionPerformed
INFO: Product ID: 14 is added by AdminID: 67
Oct 22, 2023 1:15:08 PM editproduct producteditBtnActionPerformed
INFO: Product ID: 14 is edited by AdminID: 67
Oct 22, 2023 1:15:27 PM deleteproduct productdeleteBtnActionPerformed
INFO: Product ID: 14 is deleted by 67
Oct 22, 2023 1:15:59 PM flowtransaction transactionsubmitBtnActionPerformed
INFO: Transaction processed by AdminID: 67
Oct 22, 2023 1:16:04 PM flowtransaction transactionsubmitBtnActionPerformed
INFO: Transaction processed by AdminID: 67
Oct 22, 2023 1:17:40 PM changepassword changepasswordsubmitBtnActionPerformed
INFO: Password Updated for AdminID: 67
Oct 23, 2023 6:31:42 PM register registerBtnActionPerformed
INFO: New Account Registered with Username: JohnDoe
Oct 23, 2023 6:32:59 PM register registerBtnActionPerformed
INFO: New Account Registered with Username: JohnDoe
Oct 23, 2023 6:33:28 PM login loginBtnActionPerformed
INFO: AdminID: 69 has logged in
Oct 23, 2023 6:34:03 PM editproduct producteditBtnActionPerformed
INFO: Product ID: 10 is added by AdminID: 69
Oct 23, 2023 6:34:19 PM editproduct producteditBtnActionPerformed
INFO: Product ID: 11 is added by AdminID: 69
Oct 23, 2023 6:34:49 PM editproduct producteditBtnActionPerformed
INFO: Product ID: 14 is added by AdminID: 69
Oct 23, 2023 6:35:24 PM editproduct producteditBtnActionPerformed
INFO: Product ID: 14 is edited by AdminID: 69
Oct 23, 2023 6:35:33 PM deleteproduct productdeleteBtnActionPerformed
INFO: Product ID: 14 is deleted by 69
Oct 23, 2023 6:36:00 PM flowtransaction transactionsubmitBtnActionPerformed
INFO: Transaction processed by AdminID: 69
Oct 23, 2023 6:36:07 PM flowtransaction transactionsubmitBtnActionPerformed
INFO: Transaction processed by AdminID: 69
Oct 23, 2023 6:37:14 PM edittransaction transactioneditBtnActionPerformed
SEVERE: Exception :: java.sql.SQLSyntaxErrorException: Unknown column 'price' in 'field list'
Oct 23, 2023 6:41:22 PM register registerBtnActionPerformed
INFO: New Account Registered with Username: JohnDoe
Oct 23, 2023 6:41:46 PM login loginBtnActionPerformed
INFO: AdminID: 70 has logged in
Oct 23, 2023 6:42:16 PM editproduct producteditBtnActionPerformed
INFO: Product ID: 10 is added by AdminID: 70
Oct 23, 2023 6:42:32 PM editproduct producteditBtnActionPerformed
INFO: Product ID: 11 is added by AdminID: 70
Oct 23, 2023 6:42:53 PM editproduct producteditBtnActionPerformed
INFO: Product ID: 14 is added by AdminID: 70
Oct 23, 2023 6:43:32 PM editproduct producteditBtnActionPerformed
INFO: Product ID: 14 is edited by AdminID: 70
Oct 23, 2023 6:43:42 PM deleteproduct productdeleteBtnActionPerformed
INFO: Product ID: 14 is deleted by 70
Oct 23, 2023 6:44:10 PM flowtransaction transactionsubmitBtnActionPerformed
INFO: Transaction processed by AdminID: 70
Oct 23, 2023 6:44:16 PM flowtransaction transactionsubmitBtnActionPerformed
INFO: Transaction processed by AdminID: 70
Oct 23, 2023 6:44:40 PM flowtransaction transactionsubmitBtnActionPerformed
INFO: Transaction processed by AdminID: 70
Oct 23, 2023 6:45:32 PM edittransaction transactioneditBtnActionPerformed
INFO: Transaction no: 31 edited by AdminID: 70
Oct 23, 2023 6:46:19 PM deletetransaction transactiondeleteBtnActionPerformed
INFO: Transaction No: 33 deleted by AdminID: 70
Oct 23, 2023 6:58:25 AM register registerBtnActionPerformed
INFO: New Account Registered with Username: JohnDoe
Oct 23, 2023 6:58:57 AM login loginBtnActionPerformed
INFO: AdminID: 71 has logged in
Oct 23, 2023 6:59:31 AM editproduct producteditBtnActionPerformed
INFO: Product ID: 10 is added by AdminID: 71
Oct 23, 2023 6:59:49 AM editproduct producteditBtnActionPerformed
INFO: Product ID: 11 is added by AdminID: 71
Oct 23, 2023 7:00:12 AM editproduct producteditBtnActionPerformed
INFO: Product ID: 14 is added by AdminID: 71
Oct 23, 2023 7:00:56 AM editproduct producteditBtnActionPerformed
INFO: Product ID: 14 is edited by AdminID: 71
Oct 23, 2023 7:01:06 AM deleteproduct productdeleteBtnActionPerformed
INFO: Product ID: 14 is deleted by 71
Oct 23, 2023 7:01:37 AM flowtransaction transactionsubmitBtnActionPerformed
INFO: Transaction processed by AdminID: 71
Oct 23, 2023 7:01:45 AM flowtransaction transactionsubmitBtnActionPerformed
INFO: Transaction processed by AdminID: 71
Oct 23, 2023 7:02:15 AM flowtransaction transactionsubmitBtnActionPerformed
INFO: Transaction processed by AdminID: 71
Oct 23, 2023 7:03:10 AM edittransaction transactioneditBtnActionPerformed
INFO: Transaction no: 34 edited by AdminID: 71
Oct 23, 2023 7:03:29 AM deletetransaction transactiondeleteBtnActionPerformed
INFO: Transaction No: 36 deleted by AdminID: 71
Oct 23, 2023 7:04:37 AM changepassword changepasswordsubmitBtnActionPerformed
INFO: Password Updated for AdminID: 71
Oct 23, 2023 7:10:18 AM register registerBtnActionPerformed
INFO: New Account Registered with Username: JohnDoe
Oct 23, 2023 7:10:30 AM login loginBtnActionPerformed
INFO: AdminID: 72 has logged in
Oct 23, 2023 7:11:05 AM editproduct producteditBtnActionPerformed
INFO: Product ID: 10 is added by AdminID: 72
Oct 23, 2023 7:11:14 AM editproduct producteditBtnActionPerformed
INFO: Product ID: 11 is added by AdminID: 72
Oct 23, 2023 7:11:47 AM editproduct producteditBtnActionPerformed
INFO: Product ID: 14 is added by AdminID: 72
Oct 23, 2023 6:21:04 PM register registerBtnActionPerformed
INFO: New Account Registered with Username: JohnDoe
Oct 23, 2023 6:21:39 PM login loginBtnActionPerformed
INFO: AdminID: 73 has logged in
Oct 23, 2023 6:22:12 PM editproduct producteditBtnActionPerformed
INFO: Product ID: 10 is added by AdminID: 73
Oct 23, 2023 6:22:29 PM editproduct producteditBtnActionPerformed
INFO: Product ID: 11 is added by AdminID: 73
Oct 23, 2023 6:22:48 PM editproduct producteditBtnActionPerformed
INFO: Product ID: 14 is added by AdminID: 73
Oct 23, 2023 6:23:24 PM editproduct producteditBtnActionPerformed
INFO: Product ID: 14 is edited by AdminID: 73
Oct 23, 2023 6:23:59 PM deleteproduct productdeleteBtnActionPerformed
INFO: Product ID: 14 is deleted by 73
Oct 23, 2023 6:24:19 PM flowtransaction transactionsubmitBtnActionPerformed
INFO: Transaction processed by AdminID: 73
Oct 23, 2023 6:24:27 PM flowtransaction transactionsubmitBtnActionPerformed
INFO: Transaction processed by AdminID: 73
Oct 23, 2023 6:24:48 PM flowtransaction transactionsubmitBtnActionPerformed
INFO: Transaction processed by AdminID: 73
Oct 23, 2023 6:26:31 PM changepassword changepasswordsubmitBtnActionPerformed
INFO: Password Updated for AdminID: 73
Oct 23, 2023 6:32:12 PM register registerBtnActionPerformed
INFO: New Account Registered with Username: JohnDoe
Oct 23, 2023 6:32:36 PM login loginBtnActionPerformed
INFO: AdminID: 74 has logged in
Oct 23, 2023 6:33:03 PM editproduct producteditBtnActionPerformed
INFO: Product ID: 10 is added by AdminID: 74
Oct 23, 2023 6:33:29 PM editproduct producteditBtnActionPerformed
INFO: Product ID: 11 is added by AdminID: 74
Oct 23, 2023 6:34:06 PM editproduct producteditBtnActionPerformed
INFO: Product ID: 14 is added by AdminID: 74
Oct 23, 2023 6:34:48 PM editproduct producteditBtnActionPerformed
INFO: Product ID: 14 is edited by AdminID: 74
Oct 23, 2023 6:35:01 PM deleteproduct productdeleteBtnActionPerformed
INFO: Product ID: 14 is deleted by 74
Oct 23, 2023 6:35:31 PM flowtransaction transactionsubmitBtnActionPerformed
INFO: Transaction processed by AdminID: 74
Oct 23, 2023 6:35:36 PM flowtransaction transactionsubmitBtnActionPerformed
INFO: Transaction processed by AdminID: 74
Oct 23, 2023 6:36:06 PM flowtransaction transactionsubmitBtnActionPerformed
INFO: Transaction processed by AdminID: 74
Oct 23, 2023 6:37:17 PM edittransaction transactioneditBtnActionPerformed
INFO: Transaction no: 42 edited by AdminID: 74
Oct 23, 2023 6:37:44 PM deletetransaction transactiondeleteBtnActionPerformed
INFO: Transaction No: 42 deleted by AdminID: 74
Oct 23, 2023 6:39:34 PM register registerBtnActionPerformed
INFO: New Account Registered with Username: JohnDoe
Oct 23, 2023 6:40:00 PM login loginBtnActionPerformed
INFO: AdminID: 75 has logged in
Oct 23, 2023 6:40:38 PM editproduct producteditBtnActionPerformed
INFO: Product ID: 10 is added by AdminID: 75
Oct 23, 2023 6:40:56 PM editproduct producteditBtnActionPerformed
INFO: Product ID: 11 is added by AdminID: 75
Oct 23, 2023 6:42:01 PM editproduct producteditBtnActionPerformed
INFO: Product ID: 14 is added by AdminID: 75
Oct 23, 2023 6:42:35 PM editproduct producteditBtnActionPerformed
INFO: Product ID: 14 is edited by AdminID: 75
Oct 23, 2023 6:42:52 PM deleteproduct productdeleteBtnActionPerformed
INFO: Product ID: 14 is deleted by 75
Oct 23, 2023 6:43:11 PM flowtransaction transactionsubmitBtnActionPerformed
INFO: Transaction processed by AdminID: 75
Oct 23, 2023 6:43:17 PM flowtransaction transactionsubmitBtnActionPerformed
INFO: Transaction processed by AdminID: 75
Oct 23, 2023 6:43:45 PM flowtransaction transactionsubmitBtnActionPerformed
INFO: Transaction processed by AdminID: 75
Oct 23, 2023 6:45:01 PM edittransaction transactioneditBtnActionPerformed
INFO: Transaction no: 45 edited by AdminID: 75
Oct 23, 2023 6:45:46 PM deletetransaction transactiondeleteBtnActionPerformed
INFO: Transaction No: 44 deleted by AdminID: 75
Oct 23, 2023 6:46:53 PM changepassword changepasswordsubmitBtnActionPerformed
INFO: Password Updated for AdminID: 75
Oct 23, 2023 6:48:34 PM changepassword logoutBtnActionPerformed
INFO: Admin ID: 75 has logged out.
Oct 23, 2023 6:50:02 PM register registerBtnActionPerformed
INFO: New Account Registered with Username: JohnDoe
Oct 23, 2023 6:50:36 PM login loginBtnActionPerformed
INFO: AdminID: 76 has logged in
Oct 23, 2023 6:51:26 PM editproduct producteditBtnActionPerformed
INFO: Product ID: 10 is added by AdminID: 76
Oct 23, 2023 6:51:43 PM editproduct producteditBtnActionPerformed
INFO: Product ID: 11 is added by AdminID: 76
Oct 23, 2023 6:52:18 PM editproduct producteditBtnActionPerformed
INFO: Product ID: 14 is added by AdminID: 76
Oct 23, 2023 6:53:04 PM editproduct producteditBtnActionPerformed
INFO: Product ID: 14 is edited by AdminID: 76
Oct 23, 2023 6:53:16 PM deleteproduct productdeleteBtnActionPerformed
INFO: Product ID: 14 is deleted by 76
Oct 23, 2023 6:53:43 PM flowtransaction transactionsubmitBtnActionPerformed
INFO: Transaction processed by AdminID: 76
Oct 23, 2023 6:53:48 PM flowtransaction transactionsubmitBtnActionPerformed
INFO: Transaction processed by AdminID: 76
Oct 23, 2023 6:54:23 PM flowtransaction transactionsubmitBtnActionPerformed
INFO: Transaction processed by AdminID: 76
Oct 23, 2023 6:55:43 PM edittransaction transactioneditBtnActionPerformed
INFO: Transaction no: 48 edited by AdminID: 76
Oct 23, 2023 6:57:19 PM register registerBtnActionPerformed
INFO: New Account Registered with Username: JohnDoe
Oct 23, 2023 6:57:44 PM login loginBtnActionPerformed
INFO: AdminID: 77 has logged in
Oct 23, 2023 6:58:21 PM editproduct producteditBtnActionPerformed
INFO: Product ID: 10 is added by AdminID: 77
Oct 23, 2023 6:58:40 PM editproduct producteditBtnActionPerformed
INFO: Product ID: 11 is added by AdminID: 77
Oct 23, 2023 6:59:16 PM editproduct producteditBtnActionPerformed
INFO: Product ID: 14 is added by AdminID: 77
Oct 23, 2023 6:59:55 PM editproduct producteditBtnActionPerformed
INFO: Product ID: 14 is edited by AdminID: 77
Oct 23, 2023 7:00:13 PM deleteproduct productdeleteBtnActionPerformed
INFO: Product ID: 14 is deleted by 77
Oct 23, 2023 7:00:31 PM flowtransaction transactionsubmitBtnActionPerformed
INFO: Transaction processed by AdminID: 77
Oct 23, 2023 7:00:37 PM flowtransaction transactionsubmitBtnActionPerformed
INFO: Transaction processed by AdminID: 77
Oct 23, 2023 7:01:08 PM flowtransaction transactionsubmitBtnActionPerformed
INFO: Transaction processed by AdminID: 77
Oct 23, 2023 7:02:02 PM edittransaction transactioneditBtnActionPerformed
INFO: Transaction no: 51 edited by AdminID: 77
Oct 23, 2023 7:02:34 PM deletetransaction transactiondeleteBtnActionPerformed
INFO: Transaction No: 51 deleted by AdminID: 77
Oct 23, 2023 7:03:22 PM changepassword changepasswordsubmitBtnActionPerformed
INFO: Password Updated for AdminID: 77
Feb 26, 2024 7:05:41 PM changepassword logoutBtnActionPerformed
INFO: Admin ID: 77 has logged out.
Feb 26, 2024 7:06:04 PM forgotpassword forgotPasswordBtnActionPerformed
INFO: Password email sent to johndoecs12345@gmail.com for Username: JohnDoe
Feb 26, 2024 7:06:41 PM login loginBtnActionPerformed
INFO: Invalid Attempt to Login
Feb 26, 2024 7:06:42 PM login loginBtnActionPerformed
INFO: Invalid Attempt to Login
Feb 26, 2024 7:06:43 PM login loginBtnActionPerformed
INFO: Invalid Attempt to Login
Feb 26, 2024 7:06:44 PM login loginBtnActionPerformed
INFO: Invalid Attempt to Login
Feb 26, 2024 7:06:46 PM login loginBtnActionPerformed
INFO: Invalid Attempt to Login
Feb 26, 2024 7:06:46 PM login loginBtnActionPerformed
SEVERE: 5 Invalid Attempts to Login, Locked for 30 minutes
Feb 26, 2024 7:06:49 PM login loginBtnActionPerformed
INFO: Alert send to Admin E-mail
Feb 26, 2024 8:49:11 PM login loginBtnActionPerformed
INFO: Invalid Attempt to Login
Feb 26, 2024 8:49:16 PM login loginBtnActionPerformed
INFO: AdminID: 77 has logged in
