Feb 26, 2024 8:49:46 PM login loginBtnActionPerformed
INFO: AdminID: 77 has logged in
Aug 07, 2024 8:40:15 PM register registerBtnActionPerformed
SEVERE: Exception ::com.mysql.cj.jdbc.exceptions.CommunicationsException: Communications link failure

The last packet sent successfully to the server was 0 milliseconds ago. The driver has not received any packets from the server.
Aug 07, 2024 8:40:43 PM register registerBtnActionPerformed
INFO: New Account Registered with Username: rohit
Aug 07, 2024 8:40:53 PM login loginBtnActionPerformed
INFO: AdminID: 79 has logged in
Sept 29, 2024 12:25:11 PM register registerBtnActionPerformed
SEVERE: Exception ::com.mysql.cj.jdbc.exceptions.CommunicationsException: Communications link failure

The last packet sent successfully to the server was 0 milliseconds ago. The driver has not received any packets from the server.
Sept 29, 2024 12:25:30 PM register registerBtnActionPerformed
INFO: New Account Registered with Username: ethan
Sept 29, 2024 12:25:35 PM login loginBtnActionPerformed
INFO: AdminID: 80 has logged in
Sept 29, 2024 12:25:39 PM changepassword logoutBtnActionPerformed
INFO: Admin ID: 80 has logged out.
Oct 07, 2024 11:08:36 AM register registerBtnActionPerformed
SEVERE: Exception ::java.sql.SQLException: Access denied for user 'root'@'localhost' (using password: YES)
Oct 07, 2024 11:08:46 AM register registerBtnActionPerformed
SEVERE: Exception ::java.sql.SQLException: Access denied for user 'root'@'localhost' (using password: YES)
